[debug] [2021-01-03T16:48:20.286Z] ----------------------------------------------------------------------
[debug] [2021-01-03T16:48:20.289Z] Command:       C:\Program Files\nodejs\node.exe C:\Users\danone\AppData\Roaming\npm\node_modules\firebase-tools\lib\bin\firebase.js init hosting
[debug] [2021-01-03T16:48:20.290Z] CLI Version:   9.1.0
[debug] [2021-01-03T16:48:20.290Z] Platform:      win32
[debug] [2021-01-03T16:48:20.290Z] Node Version:  v14.15.3
[debug] [2021-01-03T16:48:20.292Z] Time:          Sun Jan 03 2021 13:48:20 GMT-0300 (Horário Padrão do Uruguai)
[debug] [2021-01-03T16:48:20.292Z] ----------------------------------------------------------------------
[debug] [2021-01-03T16:48:20.292Z] 
[debug] [2021-01-03T16:48:20.302Z] > command requires scopes: ["email","openid","https://www.googleapis.com/auth/cloudplatformprojects.readonly","https://www.googleapis.com/auth/firebase","https://www.googleapis.com/auth/cloud-platform"]
[debug] [2021-01-03T16:48:20.302Z] > authorizing via signed-in user
[info] 
     ######## #### ########  ######## ########     ###     ######  ########
     ##        ##  ##     ## ##       ##     ##  ##   ##  ##       ##
     ######    ##  ########  ######   ########  #########  ######  ######
     ##        ##  ##    ##  ##       ##     ## ##     ##       ## ##
     ##       #### ##     ## ######## ########  ##     ##  ######  ########

You're about to initialize a Firebase project in this directory:

  C:\Users\danone\Desktop\clusterp-main\clusterp-main\clusterpteste

Before we get started, keep in mind:

  * You are initializing in an existing Firebase project directory

